2026-02-04T22:19:16.872-08:00  INFO 19080 --- [main] c.s.s.SmartAttendanceSystemApplication   : Starting SmartAttendanceSystemApplication using Java 21.0.6 with PID 19080 (C:\Users\USER\Desktop\smart-attendance-system\target\classes started by USER in C:\Users\USER\Desktop\smart-attendance-system)
2026-02-04T22:19:16.894-08:00  INFO 19080 --- [main] c.s.s.SmartAttendanceSystemApplication   : No active profile set, falling back to 1 default profile: "default"
2026-02-04T22:19:19.389-08:00  INFO 19080 --- [main] .s.d.r.c.RepositoryConfigurationDelegate : Bootstrapping Spring Data JPA repositories in DEFAULT mode.
2026-02-04T22:19:19.585-08:00  INFO 19080 --- [main] .s.d.r.c.RepositoryConfigurationDelegate : Finished Spring Data repository scanning in 168 ms. Found 3 JPA repository interfaces.
2026-02-04T22:19:21.126-08:00  INFO 19080 --- [main] o.s.boot.tomcat.TomcatWebServer          : Tomcat initialized with port 8080 (http)
2026-02-04T22:19:21.167-08:00  INFO 19080 --- [main] o.apache.catalina.core.StandardService   : Starting service [Tomcat]
2026-02-04T22:19:21.167-08:00  INFO 19080 --- [main] o.apache.catalina.core.StandardEngine    : Starting Servlet engine: [Apache Tomcat/11.0.15]
2026-02-04T22:19:21.353-08:00  INFO 19080 --- [main] b.w.c.s.WebApplicationContextInitializer : Root WebApplicationContext: initialization completed in 4233 ms
2026-02-04T22:19:21.920-08:00  INFO 19080 --- [main] org.hibernate.orm.jpa                    : HHH008540: Processing PersistenceUnitInfo [name: default]
2026-02-04T22:19:22.119-08:00  INFO 19080 --- [main] org.hibernate.orm.core                   : HHH000001: Hibernate ORM core version 7.2.1.Final
2026-02-04T22:19:23.654-08:00  INFO 19080 --- [main] o.s.o.j.p.SpringPersistenceUnitInfo      : No LoadTimeWeaver setup: ignoring JPA class transformer
2026-02-04T22:19:23.759-08:00  INFO 19080 --- [main] com.zaxxer.hikari.HikariDataSource       : HikariPool-1 - Starting...
2026-02-04T22:19:24.163-08:00  INFO 19080 --- [main] com.zaxxer.hikari.pool.HikariPool        : HikariPool-1 - Added connection org.postgresql.jdbc.PgConnection@797f97e3
2026-02-04T22:19:24.167-08:00  INFO 19080 --- [main] com.zaxxer.hikari.HikariDataSource       : HikariPool-1 - Start completed.
2026-02-04T22:19:24.291-08:00  WARN 19080 --- [main] org.hibernate.orm.deprecation            : HHH90000025: PostgreSQLDialect does not need to be specified explicitly using 'hibernate.dialect' (remove the property setting and it will be selected by default)
2026-02-04T22:19:24.379-08:00  INFO 19080 --- [main] org.hibernate.orm.connections.pooling    : HHH10001005: Database info:
	Database JDBC URL [jdbc:postgresql://localhost:5432/redboxuser]
	Database driver: PostgreSQL JDBC Driver
	Database dialect: PostgreSQLDialect
	Database version: 17.5
	Default catalog/schema: redboxuser/public
	Autocommit mode: undefined/unknown
	Isolation level: READ_COMMITTED [default READ_COMMITTED]
	JDBC fetch size: none
	Pool: DataSourceConnectionProvider
	Minimum pool size: undefined/unknown
	Maximum pool size: undefined/unknown
2026-02-04T22:19:27.268-08:00  INFO 19080 --- [main] org.hibernate.orm.core                   : HHH000489: No JTA platform available (set 'hibernate.transaction.jta.platform' to enable JTA platform integration)
2026-02-04T22:19:27.557-08:00  INFO 19080 --- [main] j.LocalContainerEntityManagerFactoryBean : Initialized JPA EntityManagerFactory for persistence unit 'default'
2026-02-04T22:19:28.022-08:00  INFO 19080 --- [main] o.s.d.j.r.query.QueryEnhancerFactories   : Hibernate is in classpath; If applicable, HQL parser will be used.
2026-02-04T22:19:28.782-08:00  WARN 19080 --- [main] ConfigServletWebServerApplicationContext : Exception encountered during context initialization - cancelling refresh attempt: org.springframework.beans.factory.UnsatisfiedDependencyException: Error creating bean with name 'smartAttendanceController' defined in file [C:\Users\USER\Desktop\smart-attendance-system\target\classes\com\smartattendance\smart_attendance_system\controller\SmartAttendanceController.class]: Unsatisfied dependency expressed through constructor parameter 2: No qualifying bean of type 'com.smartattendance.smart_attendance_system.service.AttendanceService' available: expected at least 1 bean which qualifies as autowire candidate. Dependency annotations: {}
2026-02-04T22:19:28.784-08:00  INFO 19080 --- [main] j.LocalContainerEntityManagerFactoryBean : Closing JPA EntityManagerFactory for persistence unit 'default'
2026-02-04T22:19:28.794-08:00  INFO 19080 --- [main] com.zaxxer.hikari.HikariDataSource       : HikariPool-1 - Shutdown initiated...
2026-02-04T22:19:28.828-08:00  INFO 19080 --- [main] com.zaxxer.hikari.HikariDataSource       : HikariPool-1 - Shutdown completed.
2026-02-04T22:19:28.834-08:00  INFO 19080 --- [main] o.apache.catalina.core.StandardService   : Stopping service [Tomcat]
2026-02-04T22:19:28.855-08:00  INFO 19080 --- [main] .s.b.a.l.ConditionEvaluationReportLogger : 

Error starting ApplicationContext. To display the condition evaluation report re-run your application with 'debug' enabled.
2026-02-04T22:19:28.912-08:00 ERROR 19080 --- [main] o.s.b.d.LoggingFailureAnalysisReporter   : 

***************************
APPLICATION FAILED TO START
***************************

Description:

Parameter 2 of constructor in com.smartattendance.smart_attendance_system.controller.SmartAttendanceController required a bean of type 'com.smartattendance.smart_attendance_system.service.AttendanceService' that could not be found.


Action:

Consider defining a bean of type 'com.smartattendance.smart_attendance_system.service.AttendanceService' in your configuration.

2026-02-04T22:25:02.761-08:00  INFO 18264 --- [main] c.s.s.SmartAttendanceSystemApplication   : Starting SmartAttendanceSystemApplication using Java 21.0.6 with PID 18264 (C:\Users\USER\Desktop\smart-attendance-system\target\classes started by USER in C:\Users\USER\Desktop\smart-attendance-system)
2026-02-04T22:25:02.771-08:00  INFO 18264 --- [main] c.s.s.SmartAttendanceSystemApplication   : No active profile set, falling back to 1 default profile: "default"
2026-02-04T22:25:05.028-08:00  INFO 18264 --- [main] .s.d.r.c.RepositoryConfigurationDelegate : Bootstrapping Spring Data JPA repositories in DEFAULT mode.
2026-02-04T22:25:05.213-08:00  INFO 18264 --- [main] .s.d.r.c.RepositoryConfigurationDelegate : Finished Spring Data repository scanning in 162 ms. Found 3 JPA repository interfaces.
2026-02-04T22:25:06.663-08:00  INFO 18264 --- [main] o.s.boot.tomcat.TomcatWebServer          : Tomcat initialized with port 8080 (http)
2026-02-04T22:25:06.701-08:00  INFO 18264 --- [main] o.apache.catalina.core.StandardService   : Starting service [Tomcat]
2026-02-04T22:25:06.702-08:00  INFO 18264 --- [main] o.apache.catalina.core.StandardEngine    : Starting Servlet engine: [Apache Tomcat/11.0.15]
2026-02-04T22:25:06.866-08:00  INFO 18264 --- [main] b.w.c.s.WebApplicationContextInitializer : Root WebApplicationContext: initialization completed in 3931 ms
2026-02-04T22:25:07.329-08:00  INFO 18264 --- [main] org.hibernate.orm.jpa                    : HHH008540: Processing PersistenceUnitInfo [name: default]
2026-02-04T22:25:07.492-08:00  INFO 18264 --- [main] org.hibernate.orm.core                   : HHH000001: Hibernate ORM core version 7.2.1.Final
2026-02-04T22:25:08.860-08:00  INFO 18264 --- [main] o.s.o.j.p.SpringPersistenceUnitInfo      : No LoadTimeWeaver setup: ignoring JPA class transformer
2026-02-04T22:25:08.954-08:00  INFO 18264 --- [main] com.zaxxer.hikari.HikariDataSource       : HikariPool-1 - Starting...
2026-02-04T22:25:09.302-08:00  INFO 18264 --- [main] com.zaxxer.hikari.pool.HikariPool        : HikariPool-1 - Added connection org.postgresql.jdbc.PgConnection@3c71cf3e
2026-02-04T22:25:09.306-08:00  INFO 18264 --- [main] com.zaxxer.hikari.HikariDataSource       : HikariPool-1 - Start completed.
2026-02-04T22:25:09.402-08:00  WARN 18264 --- [main] org.hibernate.orm.deprecation            : HHH90000025: PostgreSQLDialect does not need to be specified explicitly using 'hibernate.dialect' (remove the property setting and it will be selected by default)
2026-02-04T22:25:09.490-08:00  INFO 18264 --- [main] org.hibernate.orm.connections.pooling    : HHH10001005: Database info:
	Database JDBC URL [jdbc:postgresql://localhost:5432/redboxuser]
	Database driver: PostgreSQL JDBC Driver
	Database dialect: PostgreSQLDialect
	Database version: 17.5
	Default catalog/schema: redboxuser/public
	Autocommit mode: undefined/unknown
	Isolation level: READ_COMMITTED [default READ_COMMITTED]
	JDBC fetch size: none
	Pool: DataSourceConnectionProvider
	Minimum pool size: undefined/unknown
	Maximum pool size: undefined/unknown
2026-02-04T22:25:11.853-08:00  INFO 18264 --- [main] org.hibernate.orm.core                   : HHH000489: No JTA platform available (set 'hibernate.transaction.jta.platform' to enable JTA platform integration)
2026-02-04T22:25:11.999-08:00  INFO 18264 --- [main] j.LocalContainerEntityManagerFactoryBean : Initialized JPA EntityManagerFactory for persistence unit 'default'
2026-02-04T22:25:12.260-08:00  INFO 18264 --- [main] o.s.d.j.r.query.QueryEnhancerFactories   : Hibernate is in classpath; If applicable, HQL parser will be used.
2026-02-04T22:25:12.937-08:00  WARN 18264 --- [main] JpaBaseConfiguration$JpaWebConfiguration : spring.jpa.open-in-view is enabled by default. Therefore, database queries may be performed during view rendering. Explicitly configure spring.jpa.open-in-view to disable this warning
2026-02-04T22:25:13.371-08:00  WARN 18264 --- [main] ConfigServletWebServerApplicationContext : Exception encountered during context initialization - cancelling refresh attempt: org.springframework.beans.factory.BeanCreationException: Error creating bean with name 'requestMappingHandlerMapping' defined in class path resource [org/springframework/boot/webmvc/autoconfigure/WebMvcAutoConfiguration$EnableWebMvcConfiguration.class]: Invalid mapping on handler class [com.smartattendance.smart_attendance_system.controller.SmartAttendanceController]: public org.springframework.http.ResponseEntity com.smartattendance.smart_attendance_system.controller.SmartAttendanceController.deleteCourse(java.lang.String)
2026-02-04T22:25:13.374-08:00  INFO 18264 --- [main] j.LocalContainerEntityManagerFactoryBean : Closing JPA EntityManagerFactory for persistence unit 'default'
2026-02-04T22:25:13.382-08:00  INFO 18264 --- [main] com.zaxxer.hikari.HikariDataSource       : HikariPool-1 - Shutdown initiated...
2026-02-04T22:25:13.402-08:00  INFO 18264 --- [main] com.zaxxer.hikari.HikariDataSource       : HikariPool-1 - Shutdown completed.
2026-02-04T22:25:13.423-08:00  INFO 18264 --- [main] o.apache.catalina.core.StandardService   : Stopping service [Tomcat]
2026-02-04T22:25:13.447-08:00  INFO 18264 --- [main] .s.b.a.l.ConditionEvaluationReportLogger : 

Error starting ApplicationContext. To display the condition evaluation report re-run your application with 'debug' enabled.
2026-02-04T22:25:13.485-08:00 ERROR 18264 --- [main] o.s.b.d.LoggingFailureAnalysisReporter   : 

***************************
APPLICATION FAILED TO START
***************************

Description:

Invalid mapping pattern detected:
/delete-course/{courseCode
                          ^
Expected close capture character after variable name }

Action:

Fix this pattern in your application or switch to the legacy parser implementation with 'spring.mvc.pathmatch.matching-strategy=ant_path_matcher'.

2026-02-04T22:28:08.689-08:00  INFO 14912 --- [main] c.s.s.SmartAttendanceSystemApplication   : Starting SmartAttendanceSystemApplication using Java 21.0.6 with PID 14912 (C:\Users\USER\Desktop\smart-attendance-system\target\classes started by USER in C:\Users\USER\Desktop\smart-attendance-system)
2026-02-04T22:28:08.700-08:00  INFO 14912 --- [main] c.s.s.SmartAttendanceSystemApplication   : No active profile set, falling back to 1 default profile: "default"
2026-02-04T22:28:11.172-08:00  INFO 14912 --- [main] .s.d.r.c.RepositoryConfigurationDelegate : Bootstrapping Spring Data JPA repositories in DEFAULT mode.
2026-02-04T22:28:11.357-08:00  INFO 14912 --- [main] .s.d.r.c.RepositoryConfigurationDelegate : Finished Spring Data repository scanning in 156 ms. Found 3 JPA repository interfaces.
2026-02-04T22:28:12.994-08:00  INFO 14912 --- [main] o.s.boot.tomcat.TomcatWebServer          : Tomcat initialized with port 8080 (http)
2026-02-04T22:28:13.034-08:00  INFO 14912 --- [main] o.apache.catalina.core.StandardService   : Starting service [Tomcat]
2026-02-04T22:28:13.035-08:00  INFO 14912 --- [main] o.apache.catalina.core.StandardEngine    : Starting Servlet engine: [Apache Tomcat/11.0.15]
2026-02-04T22:28:13.225-08:00  INFO 14912 --- [main] b.w.c.s.WebApplicationContextInitializer : Root WebApplicationContext: initialization completed in 4348 ms
2026-02-04T22:28:13.790-08:00  INFO 14912 --- [main] org.hibernate.orm.jpa                    : HHH008540: Processing PersistenceUnitInfo [name: default]
2026-02-04T22:28:14.004-08:00  INFO 14912 --- [main] org.hibernate.orm.core                   : HHH000001: Hibernate ORM core version 7.2.1.Final
2026-02-04T22:28:15.559-08:00  INFO 14912 --- [main] o.s.o.j.p.SpringPersistenceUnitInfo      : No LoadTimeWeaver setup: ignoring JPA class transformer
2026-02-04T22:28:15.671-08:00  INFO 14912 --- [main] com.zaxxer.hikari.HikariDataSource       : HikariPool-1 - Starting...
2026-02-04T22:28:15.968-08:00  INFO 14912 --- [main] com.zaxxer.hikari.pool.HikariPool        : HikariPool-1 - Added connection org.postgresql.jdbc.PgConnection@fee881
2026-02-04T22:28:15.971-08:00  INFO 14912 --- [main] com.zaxxer.hikari.HikariDataSource       : HikariPool-1 - Start completed.
2026-02-04T22:28:16.057-08:00  WARN 14912 --- [main] org.hibernate.orm.deprecation            : HHH90000025: PostgreSQLDialect does not need to be specified explicitly using 'hibernate.dialect' (remove the property setting and it will be selected by default)
2026-02-04T22:28:16.132-08:00  INFO 14912 --- [main] org.hibernate.orm.connections.pooling    : HHH10001005: Database info:
	Database JDBC URL [jdbc:postgresql://localhost:5432/redboxuser]
	Database driver: PostgreSQL JDBC Driver
	Database dialect: PostgreSQLDialect
	Database version: 17.5
	Default catalog/schema: redboxuser/public
	Autocommit mode: undefined/unknown
	Isolation level: READ_COMMITTED [default READ_COMMITTED]
	JDBC fetch size: none
	Pool: DataSourceConnectionProvider
	Minimum pool size: undefined/unknown
	Maximum pool size: undefined/unknown
2026-02-04T22:28:19.027-08:00  INFO 14912 --- [main] org.hibernate.orm.core                   : HHH000489: No JTA platform available (set 'hibernate.transaction.jta.platform' to enable JTA platform integration)
2026-02-04T22:28:19.260-08:00  INFO 14912 --- [main] j.LocalContainerEntityManagerFactoryBean : Initialized JPA EntityManagerFactory for persistence unit 'default'
2026-02-04T22:28:19.645-08:00  INFO 14912 --- [main] o.s.d.j.r.query.QueryEnhancerFactories   : Hibernate is in classpath; If applicable, HQL parser will be used.
2026-02-04T22:28:20.757-08:00  WARN 14912 --- [main] JpaBaseConfiguration$JpaWebConfiguration : spring.jpa.open-in-view is enabled by default. Therefore, database queries may be performed during view rendering. Explicitly configure spring.jpa.open-in-view to disable this warning
2026-02-04T22:28:22.095-08:00  WARN 14912 --- [main] .s.a.UserDetailsServiceAutoConfiguration : 

Using generated security password: b50fd235-22c3-40f7-92bd-c6cc030a4100

This generated password is for development use only. Your security configuration must be updated before running your application in production.

2026-02-04T22:28:22.413-08:00  INFO 14912 --- [main] r$InitializeUserDetailsManagerConfigurer : Global AuthenticationManager configured with UserDetailsService bean with name inMemoryUserDetailsManager
2026-02-04T22:28:22.680-08:00  INFO 19032 --- [main] c.s.s.SmartAttendanceSystemApplication   : Starting SmartAttendanceSystemApplication using Java 21.0.6 with PID 19032 (C:\Users\USER\Desktop\smart-attendance-system\target\classes started by USER in C:\Users\USER\Desktop\smart-attendance-system)
2026-02-04T22:28:22.691-08:00  INFO 19032 --- [main] c.s.s.SmartAttendanceSystemApplication   : No active profile set, falling back to 1 default profile: "default"
2026-02-04T22:28:24.092-08:00  INFO 14912 --- [main] o.s.boot.tomcat.TomcatWebServer          : Tomcat started on port 8080 (http) with context path '/'
2026-02-04T22:28:24.163-08:00  INFO 14912 --- [main] c.s.s.SmartAttendanceSystemApplication   : Started SmartAttendanceSystemApplication in 17.003 seconds (process running for 18.528)
2026-02-04T22:28:26.270-08:00  INFO 19032 --- [main] .s.d.r.c.RepositoryConfigurationDelegate : Bootstrapping Spring Data JPA repositories in DEFAULT mode.
2026-02-04T22:28:26.442-08:00  INFO 19032 --- [main] .s.d.r.c.RepositoryConfigurationDelegate : Finished Spring Data repository scanning in 146 ms. Found 3 JPA repository interfaces.
2026-02-04T22:28:28.101-08:00  INFO 19032 --- [main] o.s.boot.tomcat.TomcatWebServer          : Tomcat initialized with port 8080 (http)
2026-02-04T22:28:28.137-08:00  INFO 19032 --- [main] o.apache.catalina.core.StandardService   : Starting service [Tomcat]
2026-02-04T22:28:28.138-08:00  INFO 19032 --- [main] o.apache.catalina.core.StandardEngine    : Starting Servlet engine: [Apache Tomcat/11.0.15]
2026-02-04T22:28:28.323-08:00  INFO 19032 --- [main] b.w.c.s.WebApplicationContextInitializer : Root WebApplicationContext: initialization completed in 5173 ms
2026-02-04T22:28:28.841-08:00  INFO 19032 --- [main] org.hibernate.orm.jpa                    : HHH008540: Processing PersistenceUnitInfo [name: default]
2026-02-04T22:28:29.432-08:00  INFO 19032 --- [main] org.hibernate.orm.core                   : HHH000001: Hibernate ORM core version 7.2.1.Final
2026-02-04T22:28:31.695-08:00  INFO 19032 --- [main] o.s.o.j.p.SpringPersistenceUnitInfo      : No LoadTimeWeaver setup: ignoring JPA class transformer
2026-02-04T22:28:31.790-08:00  INFO 19032 --- [main] com.zaxxer.hikari.HikariDataSource       : HikariPool-1 - Starting...
2026-02-04T22:28:32.134-08:00  INFO 19032 --- [main] com.zaxxer.hikari.pool.HikariPool        : HikariPool-1 - Added connection org.postgresql.jdbc.PgConnection@7769d9b6
2026-02-04T22:28:32.138-08:00  INFO 19032 --- [main] com.zaxxer.hikari.HikariDataSource       : HikariPool-1 - Start completed.
2026-02-04T22:28:32.230-08:00  WARN 19032 --- [main] org.hibernate.orm.deprecation            : HHH90000025: PostgreSQLDialect does not need to be specified explicitly using 'hibernate.dialect' (remove the property setting and it will be selected by default)
2026-02-04T22:28:32.316-08:00  INFO 19032 --- [main] org.hibernate.orm.connections.pooling    : HHH10001005: Database info:
	Database JDBC URL [jdbc:postgresql://localhost:5432/redboxuser]
	Database driver: PostgreSQL JDBC Driver
	Database dialect: PostgreSQLDialect
	Database version: 17.5
	Default catalog/schema: redboxuser/public
	Autocommit mode: undefined/unknown
	Isolation level: READ_COMMITTED [default READ_COMMITTED]
	JDBC fetch size: none
	Pool: DataSourceConnectionProvider
	Minimum pool size: undefined/unknown
	Maximum pool size: undefined/unknown
2026-02-04T22:28:34.796-08:00  INFO 19032 --- [main] org.hibernate.orm.core                   : HHH000489: No JTA platform available (set 'hibernate.transaction.jta.platform' to enable JTA platform integration)
2026-02-04T22:28:34.927-08:00  INFO 19032 --- [main] j.LocalContainerEntityManagerFactoryBean : Initialized JPA EntityManagerFactory for persistence unit 'default'
2026-02-04T22:28:35.179-08:00  INFO 19032 --- [main] o.s.d.j.r.query.QueryEnhancerFactories   : Hibernate is in classpath; If applicable, HQL parser will be used.
2026-02-04T22:28:35.832-08:00  WARN 19032 --- [main] JpaBaseConfiguration$JpaWebConfiguration : spring.jpa.open-in-view is enabled by default. Therefore, database queries may be performed during view rendering. Explicitly configure spring.jpa.open-in-view to disable this warning
2026-02-04T22:28:36.680-08:00  WARN 19032 --- [main] .s.a.UserDetailsServiceAutoConfiguration : 

Using generated security password: 82a10b9e-08ce-44ff-b540-8b3ef54db8a4

This generated password is for development use only. Your security configuration must be updated before running your application in production.

2026-02-04T22:28:36.792-08:00  INFO 19032 --- [main] r$InitializeUserDetailsManagerConfigurer : Global AuthenticationManager configured with UserDetailsService bean with name inMemoryUserDetailsManager
2026-02-04T22:28:37.311-08:00  WARN 19032 --- [main] ConfigServletWebServerApplicationContext : Exception encountered during context initialization - cancelling refresh attempt: org.springframework.context.ApplicationContextException: Failed to start bean 'webServerStartStop'
2026-02-04T22:28:37.316-08:00  INFO 19032 --- [main] j.LocalContainerEntityManagerFactoryBean : Closing JPA EntityManagerFactory for persistence unit 'default'
2026-02-04T22:28:37.328-08:00  INFO 19032 --- [main] com.zaxxer.hikari.HikariDataSource       : HikariPool-1 - Shutdown initiated...
2026-02-04T22:28:37.346-08:00  INFO 19032 --- [main] com.zaxxer.hikari.HikariDataSource       : HikariPool-1 - Shutdown completed.
2026-02-04T22:28:37.369-08:00  INFO 19032 --- [main] .s.b.a.l.ConditionEvaluationReportLogger : 

Error starting ApplicationContext. To display the condition evaluation report re-run your application with 'debug' enabled.
2026-02-04T22:28:37.423-08:00 ERROR 19032 --- [main] o.s.b.d.LoggingFailureAnalysisReporter   : 

***************************
APPLICATION FAILED TO START
***************************

Description:

Web server failed to start. Port 8080 was already in use.

Action:

Identify and stop the process that's listening on port 8080 or configure this application to listen on another port.

